<?xml version="1.0" encoding="UTF-8"?>
<!-- Generated by org.testng.reporters.JUnitXMLReporter -->
<testsuite ignored="0" hostname="upendra-Precision-3560" failures="1" tests="5" name="place order" time="20.553" errors="0" timestamp="2025-09-23T17:49:20 IST">
  <testcase classname="rahulshettyacademy.tests.PlaceOrderTest" name="placeOrder" time="3.815"/>
  <testcase classname="rahulshettyacademy.tests.PlaceOrderTest" name="placeOrder" time="3.554"/>
  <testcase classname="rahulshettyacademy.tests.PlaceOrderTest" name="placeOrder" time="3.559"/>
  <testcase classname="rahulshettyacademy.tests.PlaceOrderTest" name="orderHistory" time="0.591">
    <skipped/>
  </testcase> <!-- orderHistory -->
  <testcase classname="rahulshettyacademy.tests.PlaceOrderTest" name="orderHistory" time="0.726">
    <failure type="java.lang.AssertionError" message="Failing intendently">
      <![CDATA[java.lang.AssertionError: Failing intendently
at rahulshettyacademy.tests.PlaceOrderTest.orderHistory(PlaceOrderTest.java:52)
at java.base/java.util.ArrayList.forEach(ArrayList.java:1511)
... Removed 28 stack frames]]>
    </failure>
  </testcase> <!-- orderHistory -->
</testsuite> <!-- place order -->
